TN:test_funct
SF:/mnt/d/Repos/C4_s21_math-1/src/function/s21_abs.c
FN:3,s21_abs
FNDA:20,s21_abs
DA:3,20
DA:4,20
end_of_record
TN:test_funct
SF:/mnt/d/Repos/C4_s21_math-1/src/function/s21_acos.c
FN:4,s21_acos
FNDA:15,s21_acos
DA:4,15
DA:5,15
DA:6,15
DA:7,1
DA:9,14
DA:10,1
DA:12,13
DA:14,15
end_of_record
TN:test_funct
SF:/mnt/d/Repos/C4_s21_math-1/src/function/s21_asin.c
FN:4,s21_asin
FNDA:45,s21_asin
DA:4,45
DA:5,45
DA:6,45
DA:7,6
DA:8,39
DA:9,4
DA:10,35
DA:11,19
DA:12,19
DA:13,1114
DA:14,1095
DA:15,1095
DA:19,45
end_of_record
TN:test_funct
SF:/mnt/d/Repos/C4_s21_math-1/src/function/s21_atan.c
FN:4,s21_atan
FNDA:15,s21_atan
DA:4,15
DA:5,15
DA:6,1
DA:7,14
DA:8,4
DA:10,10
end_of_record
TN:test_funct
SF:/mnt/d/Repos/C4_s21_math-1/src/function/s21_ceil.c
FN:3,s21_ceil
FNDA:61,s21_ceil
DA:3,61
DA:6,61
DA:7,1
DA:9,60
DA:10,60
DA:11,23
DA:13,37
DA:14,8
DA:17,61
end_of_record
TN:test_funct
SF:/mnt/d/Repos/C4_s21_math-1/src/function/s21_cos.c
FN:4,s21_cos
FNDA:38,s21_cos
DA:4,38
DA:5,38
DA:6,2
DA:8,36
DA:10,36
DA:11,353
DA:12,317
DA:13,317
DA:15,36
end_of_record
TN:test_funct
SF:/mnt/d/Repos/C4_s21_math-1/src/function/s21_exp.c
FN:4,s21_exp
FNDA:2429,s21_exp
DA:4,2429
DA:5,2429
DA:6,2429
DA:7,2429
DA:8,2429
DA:10,2429
DA:11,5
DA:14,2424
DA:15,1399
DA:16,1399
DA:19,48300
DA:20,45876
DA:21,45876
DA:22,45876
DA:24,45876
DA:25,0
DA:26,0
DA:30,2424
DA:31,1399
DA:32,0
DA:34,1399
DA:38,2424
DA:39,0
DA:41,2424
end_of_record
TN:test_funct
SF:/mnt/d/Repos/C4_s21_math-1/src/function/s21_fabs.c
FN:3,s21_fabs
FNDA:50133,s21_fabs
DA:3,50133
DA:4,50133
end_of_record
TN:test_funct
SF:/mnt/d/Repos/C4_s21_math-1/src/function/s21_floor.c
FN:3,s21_floor
FNDA:62,s21_floor
DA:3,62
DA:6,62
DA:7,2
DA:10,60
DA:11,60
DA:13,62
end_of_record
TN:test_funct
SF:/mnt/d/Repos/C4_s21_math-1/src/function/s21_fmod.c
FN:3,s21_fmod
FNDA:82,s21_fmod
DA:3,82
DA:6,82
DA:7,0
DA:10,82
DA:11,0
DA:15,82
DA:16,82
DA:17,40
DA:20,42
DA:23,82
DA:25,82
end_of_record
TN:test_funct
SF:/mnt/d/Repos/C4_s21_math-1/src/function/s21_log.c
FN:4,s21_log
FNDA:27,s21_log
DA:4,27
DA:5,27
DA:6,27
DA:7,27
DA:9,27
DA:10,18
DA:11,6
DA:14,1212
DA:15,1200
DA:16,1200
DA:19,12
DA:22,15
DA:25,27
end_of_record
TN:test_funct
SF:/mnt/d/Repos/C4_s21_math-1/src/function/s21_pow.c
FN:4,s21_pow
FNDA:31,s21_pow
DA:4,31
DA:5,31
DA:6,31
DA:7,1
DA:8,30
DA:9,1
DA:10,29
DA:11,4
DA:12,25
DA:13,0
DA:15,25
DA:16,0
DA:18,25
DA:19,0
DA:20,25
DA:21,1
DA:22,24
DA:23,1
DA:24,23
DA:25,56
DA:26,42
DA:28,14
DA:29,0
DA:33,9
DA:38,31
end_of_record
TN:test_funct
SF:/mnt/d/Repos/C4_s21_math-1/src/function/s21_sin.c
FN:4,s21_sin
FNDA:38,s21_sin
DA:4,38
DA:5,38
DA:7,38
DA:8,326
DA:9,288
DA:10,288
DA:12,38
end_of_record
TN:test_funct
SF:/mnt/d/Repos/C4_s21_math-1/src/function/s21_sqrt.c
FN:4,s21_sqrt
FNDA:21,s21_sqrt
DA:4,21
DA:5,21
DA:6,21
DA:8,16
DA:9,16
DA:10,104
DA:11,88
DA:12,88
DA:14,16
end_of_record
TN:test_funct
SF:/mnt/d/Repos/C4_s21_math-1/src/function/s21_tan.c
FN:4,s21_tan
FNDA:24,s21_tan
DA:4,24
DA:5,24
DA:6,24
DA:7,2
DA:8,22
DA:9,1
DA:10,21
DA:11,1
DA:12,20
DA:13,0
DA:14,20
DA:15,0
DA:16,20
DA:17,1
DA:18,19
DA:19,0
DA:20,19
DA:21,1
DA:23,18
DA:25,24
end_of_record
TN:test_funct
SF:/mnt/d/Repos/C4_s21_math-1/src/test.c
FN:13,pow_test_fn
FNDA:10,pow_test_fn
FN:22,pow_test2_fn
FNDA:14,pow_test2_fn
FN:31,pow_test3_fn
FNDA:7,pow_test3_fn
FN:42,sin_test_fn
FNDA:10,sin_test_fn
FN:52,cos_test_fn
FNDA:10,cos_test_fn
FN:62,sqrt_test_fn
FNDA:4,sqrt_test_fn
FN:69,sqrt_test2_fn
FNDA:6,sqrt_test2_fn
FN:76,tan_test_fn
FNDA:10,tan_test_fn
FN:82,tan_test2_fn
FNDA:10,tan_test2_fn
FN:88,tan_test3_fn
FNDA:2,tan_test3_fn
FN:96,tan_test4_fn
FNDA:2,tan_test4_fn
FN:102,floor_test_fn
FNDA:10,floor_test_fn
FN:108,floor_test2_fn
FNDA:10,floor_test2_fn
FN:116,log_test_fn
FNDA:4,log_test_fn
FN:122,log_test2_fn
FNDA:4,log_test2_fn
FN:128,log_test3_fn
FNDA:10,log_test3_fn
FN:135,fmod_test_fn
FNDA:4,fmod_test_fn
FN:144,fmod_test1_fn
FNDA:4,fmod_test1_fn
FN:154,exp_test_fn
FNDA:10,exp_test_fn
FN:162,exp_test2_fn
FNDA:10,exp_test2_fn
FN:170,fabs_test_fn
FNDA:20,fabs_test_fn
FN:177,ceil_test_fn
FNDA:10,ceil_test_fn
FN:184,ceil_test2_fn
FNDA:10,ceil_test2_fn
FN:192,ceil_test3_fn
FNDA:1,ceil_test3_fn
FN:198,abs_test_fn
FNDA:20,abs_test_fn
FN:205,acos_test_fn
FNDA:10,acos_test_fn
FN:213,acos_test2_fn
FNDA:4,acos_test2_fn
FN:221,acos_test3_fn
FNDA:1,acos_test3_fn
FN:227,asin_test_fn
FNDA:10,asin_test_fn
FN:235,asin_test2_fn
FNDA:4,asin_test2_fn
FN:243,asin_test3_fn
FNDA:8,asin_test3_fn
FN:251,atan_test_fn
FNDA:10,atan_test_fn
FN:259,atan_test1_fn
FNDA:5,atan_test1_fn
FN:267,main
FNDA:265,main
DA:13,10
DA:15,20
DA:16,10
DA:17,10
DA:18,10
DA:19,10
DA:22,14
DA:24,14
DA:26,14
DA:27,14
DA:28,14
DA:31,7
DA:33,14
DA:34,7
DA:36,7
DA:37,7
DA:38,7
DA:39,7
DA:42,10
DA:43,10
DA:44,10
DA:45,10
DA:46,10
DA:47,10
DA:48,10
DA:49,10
DA:52,10
DA:53,10
DA:54,10
DA:55,10
DA:56,10
DA:57,10
DA:58,10
DA:59,10
DA:62,4
DA:63,4
DA:64,4
DA:65,4
DA:66,4
DA:69,6
DA:70,6
DA:71,6
DA:72,6
DA:73,6
DA:74,6
DA:76,10
DA:77,10
DA:78,10
DA:79,10
DA:80,10
DA:82,10
DA:83,10
DA:84,10
DA:85,10
DA:86,10
DA:88,2
DA:89,2
DA:91,2
DA:92,2
DA:93,2
DA:94,2
DA:96,2
DA:97,2
DA:98,2
DA:99,2
DA:102,10
DA:103,10
DA:104,10
DA:105,10
DA:106,10
DA:108,10
DA:109,10
DA:110,10
DA:111,10
DA:112,10
DA:116,4
DA:117,4
DA:118,4
DA:119,4
DA:120,4
DA:122,4
DA:123,4
DA:124,4
DA:125,4
DA:126,4
DA:128,10
DA:129,10
DA:130,10
DA:131,10
DA:132,10
DA:133,10
DA:135,4
DA:137,8
DA:138,4
DA:139,4
DA:140,4
DA:141,4
DA:142,4
DA:144,4
DA:146,8
DA:147,4
DA:148,4
DA:149,4
DA:150,4
DA:151,4
DA:154,10
DA:156,10
DA:157,10
DA:158,10
DA:159,10
DA:162,10
DA:164,10
DA:165,10
DA:166,10
DA:167,10
DA:170,20
DA:171,20
DA:172,20
DA:173,20
DA:174,20
DA:177,10
DA:178,10
DA:179,10
DA:180,10
DA:181,10
DA:184,10
DA:186,10
DA:187,10
DA:188,10
DA:189,10
DA:192,1
DA:193,1
DA:194,1
DA:195,1
DA:198,20
DA:199,20
DA:200,20
DA:201,20
DA:202,20
DA:205,10
DA:207,10
DA:208,10
DA:209,10
DA:210,10
DA:213,4
DA:215,4
DA:216,4
DA:217,4
DA:218,4
DA:221,1
DA:222,1
DA:223,1
DA:224,1
DA:227,10
DA:229,10
DA:230,10
DA:231,10
DA:232,10
DA:235,4
DA:237,4
DA:238,4
DA:239,4
DA:240,4
DA:243,8
DA:245,8
DA:246,8
DA:247,8
DA:248,8
DA:251,10
DA:253,10
DA:254,10
DA:255,10
DA:256,10
DA:259,5
DA:261,5
DA:262,5
DA:263,5
DA:264,5
DA:267,265
DA:268,265
DA:269,265
DA:270,265
DA:271,265
DA:274,265
DA:276,265
DA:277,265
DA:278,265
DA:280,265
DA:281,265
DA:283,265
DA:284,265
DA:286,265
DA:287,265
DA:288,265
DA:289,265
DA:291,265
DA:292,265
DA:294,265
DA:295,265
DA:296,265
DA:298,265
DA:299,265
DA:301,265
DA:302,265
DA:304,265
DA:306,265
DA:307,265
DA:308,265
DA:310,265
DA:311,265
DA:312,265
DA:314,265
DA:315,265
DA:316,265
DA:318,265
DA:319,265
DA:321,265
DA:322,265
DA:323,265
DA:324,1
DA:325,1
DA:327,1
end_of_record
