TN:test_funct
SF:/home/goodbrom/studi/test_math/C4_s21_math-1/src/function/s21_atan.c
FN:4,s21_atan
FNDA:15,s21_atan
DA:4,15
DA:5,15
DA:6,1
DA:7,14
DA:8,4
DA:10,10
end_of_record
TN:test_funct
SF:/home/goodbrom/studi/test_math/C4_s21_math-1/src/function/s21_cos.c
FN:4,s21_cos
FNDA:36,s21_cos
DA:4,36
DA:5,36
DA:6,0
DA:8,36
DA:10,36
DA:11,353
DA:12,317
DA:13,317
DA:15,36
end_of_record
TN:test_funct
SF:/home/goodbrom/studi/test_math/C4_s21_math-1/src/function/s21_abs.c
FN:3,s21_abs
FNDA:20,s21_abs
DA:3,20
DA:4,20
end_of_record
TN:test_funct
SF:/home/goodbrom/studi/test_math/C4_s21_math-1/src/function/s21_sin.c
FN:4,s21_sin
FNDA:36,s21_sin
DA:4,36
DA:5,36
DA:7,36
DA:8,324
DA:9,288
DA:10,288
DA:12,36
end_of_record
TN:test_funct
SF:/home/goodbrom/studi/test_math/C4_s21_math-1/src/function/s21_ceil.c
FN:3,s21_ceil
FNDA:60,s21_ceil
DA:3,60
DA:6,60
DA:7,0
DA:9,60
DA:10,60
DA:11,23
DA:13,37
DA:14,8
DA:17,60
end_of_record
TN:test_funct
SF:/home/goodbrom/studi/test_math/C4_s21_math-1/src/function/s21_sqrt.c
FN:4,s21_sqrt
FNDA:21,s21_sqrt
DA:4,21
DA:5,21
DA:6,21
DA:8,16
DA:9,16
DA:10,104
DA:11,88
DA:12,88
DA:14,16
end_of_record
TN:test_funct
SF:/home/goodbrom/studi/test_math/C4_s21_math-1/src/function/s21_acos.c
FN:4,s21_acos
FNDA:14,s21_acos
DA:4,14
DA:5,14
DA:6,14
DA:7,0
DA:9,14
DA:10,1
DA:12,13
DA:14,14
end_of_record
TN:test_funct
SF:/home/goodbrom/studi/test_math/C4_s21_math-1/src/function/s21_tan.c
FN:4,s21_tan
FNDA:22,s21_tan
DA:4,22
DA:5,22
DA:6,22
DA:7,2
DA:8,20
DA:9,1
DA:10,19
DA:11,1
DA:12,18
DA:13,0
DA:14,18
DA:15,0
DA:16,18
DA:17,1
DA:18,17
DA:19,0
DA:20,17
DA:21,1
DA:23,16
DA:25,22
end_of_record
TN:test_funct
SF:/home/goodbrom/studi/test_math/C4_s21_math-1/src/function/s21_pow.c
FN:4,s21_pow
FNDA:31,s21_pow
DA:4,31
DA:5,31
DA:6,31
DA:7,1
DA:8,30
DA:9,1
DA:10,29
DA:11,4
DA:12,25
DA:13,0
DA:15,25
DA:16,0
DA:18,25
DA:19,0
DA:20,25
DA:21,1
DA:22,24
DA:23,1
DA:24,23
DA:25,56
DA:26,42
DA:28,14
DA:29,0
DA:33,9
DA:38,31
end_of_record
TN:test_funct
SF:/home/goodbrom/studi/test_math/C4_s21_math-1/src/function/s21_fmod.c
FN:3,s21_fmod
FNDA:80,s21_fmod
DA:3,80
DA:6,80
DA:7,0
DA:10,80
DA:11,0
DA:15,80
DA:16,80
DA:17,40
DA:20,40
DA:23,80
DA:25,80
end_of_record
TN:test_funct
SF:/home/goodbrom/studi/test_math/C4_s21_math-1/src/function/s21_asin.c
FN:4,s21_asin
FNDA:45,s21_asin
DA:4,45
DA:5,45
DA:6,45
DA:7,6
DA:8,39
DA:9,4
DA:10,35
DA:11,19
DA:12,19
DA:13,1114
DA:14,1095
DA:15,1095
DA:19,45
end_of_record
TN:test_funct
SF:/home/goodbrom/studi/test_math/C4_s21_math-1/src/function/s21_fabs.c
FN:3,s21_fabs
FNDA:50131,s21_fabs
DA:3,50131
DA:4,50131
end_of_record
TN:test_funct
SF:/home/goodbrom/studi/test_math/C4_s21_math-1/src/test.c
FN:12,pow_test_fn
FNDA:10,pow_test_fn
FN:23,pow_test2_fn
FNDA:14,pow_test2_fn
FN:32,pow_test3_fn
FNDA:7,pow_test3_fn
FN:43,sin_test_fn
FNDA:10,sin_test_fn
FN:53,cos_test_fn
FNDA:10,cos_test_fn
FN:63,sqrt_test_fn
FNDA:4,sqrt_test_fn
FN:70,sqrt_test2_fn
FNDA:6,sqrt_test2_fn
FN:77,tan_test_fn
FNDA:10,tan_test_fn
FN:83,tan_test2_fn
FNDA:10,tan_test2_fn
FN:89,tan_test3_fn
FNDA:2,tan_test3_fn
FN:98,floor_test_fn
FNDA:10,floor_test_fn
FN:104,floor_test2_fn
FNDA:10,floor_test2_fn
FN:113,log_test_fn
FNDA:4,log_test_fn
FN:119,log_test2_fn
FNDA:4,log_test2_fn
FN:125,log_test3_fn
FNDA:10,log_test3_fn
FN:133,fmod_test_fn
FNDA:4,fmod_test_fn
FN:142,fmod_test1_fn
FNDA:4,fmod_test1_fn
FN:153,exp_test_fn
FNDA:10,exp_test_fn
FN:160,exp_test2_fn
FNDA:10,exp_test2_fn
FN:168,fabs_test_fn
FNDA:20,fabs_test_fn
FN:177,ceil_test_fn
FNDA:10,ceil_test_fn
FN:184,ceil_test2_fn
FNDA:10,ceil_test2_fn
FN:193,abs_test_fn
FNDA:20,abs_test_fn
FN:201,acos_test_fn
FNDA:10,acos_test_fn
FN:209,acos_test2_fn
FNDA:4,acos_test2_fn
FN:220,asin_test_fn
FNDA:10,asin_test_fn
FN:228,asin_test2_fn
FNDA:4,asin_test2_fn
FN:236,asin_test3_fn
FNDA:8,asin_test3_fn
FN:245,atan_test_fn
FNDA:10,atan_test_fn
FN:253,atan_test1_fn
FNDA:5,atan_test1_fn
FN:263,main
FNDA:261,main
DA:12,10
DA:14,20
DA:15,10
DA:16,10
DA:17,10
DA:18,10
DA:23,14
DA:25,14
DA:27,14
DA:28,14
DA:29,14
DA:32,7
DA:34,7
DA:36,7
DA:37,7
DA:38,7
DA:43,10
DA:44,10
DA:45,10
DA:46,10
DA:47,10
DA:48,10
DA:49,10
DA:50,10
DA:53,10
DA:54,10
DA:55,10
DA:56,10
DA:57,10
DA:58,10
DA:59,10
DA:60,10
DA:63,4
DA:64,4
DA:65,4
DA:66,4
DA:67,4
DA:70,6
DA:71,6
DA:72,6
DA:73,6
DA:74,6
DA:75,6
DA:77,10
DA:78,10
DA:79,10
DA:80,10
DA:81,10
DA:83,10
DA:84,10
DA:85,10
DA:86,10
DA:87,10
DA:89,2
DA:90,2
DA:92,2
DA:93,2
DA:94,2
DA:95,2
DA:98,10
DA:99,10
DA:100,10
DA:101,10
DA:102,10
DA:104,10
DA:105,10
DA:106,10
DA:107,10
DA:108,10
DA:113,4
DA:114,4
DA:115,4
DA:116,4
DA:117,4
DA:119,4
DA:120,4
DA:121,4
DA:122,4
DA:123,4
DA:125,10
DA:126,10
DA:127,10
DA:128,10
DA:129,10
DA:130,10
DA:133,4
DA:135,8
DA:136,4
DA:137,4
DA:138,4
DA:139,4
DA:140,4
DA:142,4
DA:144,8
DA:145,4
DA:146,4
DA:147,4
DA:148,4
DA:149,4
DA:153,10
DA:155,10
DA:156,10
DA:157,10
DA:158,10
DA:160,10
DA:162,10
DA:163,10
DA:164,10
DA:165,10
DA:168,20
DA:169,20
DA:170,20
DA:171,20
DA:172,20
DA:177,10
DA:178,10
DA:179,10
DA:180,10
DA:181,10
DA:184,10
DA:186,10
DA:187,10
DA:188,10
DA:189,10
DA:193,20
DA:194,20
DA:195,20
DA:196,20
DA:197,20
DA:201,10
DA:203,10
DA:204,10
DA:205,10
DA:206,10
DA:209,4
DA:211,4
DA:212,4
DA:213,4
DA:214,4
DA:220,10
DA:222,10
DA:223,10
DA:224,10
DA:225,10
DA:228,4
DA:230,4
DA:231,4
DA:232,4
DA:233,4
DA:236,8
DA:238,8
DA:239,8
DA:240,8
DA:241,8
DA:245,10
DA:247,10
DA:248,10
DA:249,10
DA:250,10
DA:253,5
DA:255,5
DA:256,5
DA:257,5
DA:258,5
DA:263,261
DA:264,261
DA:265,261
DA:266,261
DA:267,261
DA:270,261
DA:272,261
DA:273,261
DA:274,261
DA:276,261
DA:277,261
DA:279,261
DA:280,261
DA:282,261
DA:283,261
DA:284,261
DA:286,261
DA:287,261
DA:289,261
DA:290,261
DA:291,261
DA:293,261
DA:294,261
DA:296,261
DA:297,261
DA:299,261
DA:301,261
DA:302,261
DA:304,261
DA:305,261
DA:306,261
DA:308,261
DA:309,261
DA:311,261
DA:312,261
DA:315,261
DA:316,261
DA:317,261
DA:318,1
DA:319,1
DA:321,1
end_of_record
TN:test_funct
SF:/home/goodbrom/studi/test_math/C4_s21_math-1/src/function/s21_exp.c
FN:4,s21_exp
FNDA:2429,s21_exp
DA:4,2429
DA:5,2429
DA:6,2429
DA:7,2429
DA:8,2429
DA:10,2429
DA:11,5
DA:14,2424
DA:15,1399
DA:16,1399
DA:19,48300
DA:20,45876
DA:21,45876
DA:22,45876
DA:24,45876
DA:25,0
DA:26,0
DA:30,2424
DA:31,1399
DA:32,0
DA:34,1399
DA:38,2424
DA:39,0
DA:41,2424
end_of_record
TN:test_funct
SF:/home/goodbrom/studi/test_math/C4_s21_math-1/src/function/s21_log.c
FN:4,s21_log
FNDA:27,s21_log
DA:4,27
DA:5,27
DA:6,27
DA:7,27
DA:9,27
DA:10,18
DA:11,6
DA:14,1212
DA:15,1200
DA:16,1200
DA:19,12
DA:22,15
DA:25,27
end_of_record
TN:test_funct
SF:/home/goodbrom/studi/test_math/C4_s21_math-1/src/function/s21_floor.c
FN:3,s21_floor
FNDA:60,s21_floor
DA:3,60
DA:6,60
DA:7,0
DA:10,60
DA:11,60
DA:13,60
end_of_record
